<?xml version="1.0" encoding="UTF-8"?>
<!-- Generated by org.testng.reporters.JUnitReportReporter -->
<testsuite hostname="DESKTOP-JTQFTED" failures="0" tests="3" name="org.task.Task1" time="8.483" errors="0" timestamp="2022-04-20T07:42:58 IST" skipped="0">
  <testcase classname="org.task.Task1" name="test2" time="1.795"/>
  <system-out/>
  <testcase classname="org.task.Task1" name="test1" time="6.084"/>
  <system-out/>
  <testcase classname="org.task.Task1" name="test3" time="0.604"/>
  <system-out/>
</testsuite> <!-- org.task.Task1 -->
